<?xml version="1.0" encoding="UTF-8"?>
<testsuite name="com.kuang.admin.web.HelloControllerTest" tests="2" skipped="0" failures="0" errors="0" timestamp="2020-05-05T18:55:07" hostname="DESKTOP-JE542MD" time="0.16">
  <properties/>
  <testcase name="helloDto_return" classname="com.kuang.admin.web.HelloControllerTest" time="0.15"/>
  <testcase name="hello_return" classname="com.kuang.admin.web.HelloControllerTest" time="0.009"/>
  <system-out><![CDATA[2020-05-06 03:55:06.693  INFO 3184 --- [    Test worker] .b.t.a.w.s.WebMvcTestContextBootstrapper : Neither @ContextConfiguration nor @ContextHierarchy found for test class [com.kuang.admin.web.HelloControllerTest], using SpringBootContextLoader
2020-05-06 03:55:06.694  INFO 3184 --- [    Test worker] o.s.t.c.support.AbstractContextLoader    : Could not detect default resource locations for test class [com.kuang.admin.web.HelloControllerTest]: no resource found for suffixes {-context.xml, Context.groovy}.
2020-05-06 03:55:06.694  INFO 3184 --- [    Test worker] t.c.s.AnnotationConfigContextLoaderUtils : Could not detect default configuration classes for test class [com.kuang.admin.web.HelloControllerTest]: HelloControllerTest does not declare any static, non-private, non-final, nested classes annotated with @Configuration.
2020-05-06 03:55:06.722  INFO 3184 --- [    Test worker] .b.t.c.SpringBootTestContextBootstrapper : Found @SpringBootConfiguration com.kuang.admin.Application for test class com.kuang.admin.web.HelloControllerTest
2020-05-06 03:55:06.723  INFO 3184 --- [    Test worker] .b.t.a.w.s.WebMvcTestContextBootstrapper : Loaded default TestExecutionListener class names from location [META-INF/spring.factories]: [org.springframework.security.test.context.support.WithSecurityContextTestExecutionListener, org.springframework.security.test.context.support.ReactorContextTestExecutionListener, org.springframework.boot.test.autoconfigure.restdocs.RestDocsTestExecutionListener, org.springframework.boot.test.autoconfigure.web.client.MockRestServiceServerResetTestExecutionListener, org.springframework.boot.test.autoconfigure.web.servlet.MockMvcPrintOnlyOnFailureTestExecutionListener, org.springframework.boot.test.autoconfigure.web.servlet.WebDriverTestExecutionListener, org.springframework.boot.test.mock.mockito.MockitoTestExecutionListener, org.springframework.boot.test.mock.mockito.ResetMocksTestExecutionListener, org.springframework.test.context.web.ServletTestExecutionListener, org.springframework.test.context.support.DirtiesContextBeforeModesTestExecutionListener, org.springframework.test.context.support.DependencyInjectionTestExecutionListener, org.springframework.test.context.support.DirtiesContextTestExecutionListener, org.springframework.test.context.transaction.TransactionalTestExecutionListener, org.springframework.test.context.jdbc.SqlScriptsTestExecutionListener]
2020-05-06 03:55:06.724  INFO 3184 --- [    Test worker] .b.t.a.w.s.WebMvcTestContextBootstrapper : Using TestExecutionListeners: [org.springframework.test.context.web.ServletTestExecutionListener@b996251, org.springframework.test.context.support.DirtiesContextBeforeModesTestExecutionListener@13b77121, org.springframework.boot.test.mock.mockito.MockitoTestExecutionListener@51e25b79, org.springframework.boot.test.autoconfigure.SpringBootDependencyInjectionTestExecutionListener@1370a169, org.springframework.test.context.support.DirtiesContextTestExecutionListener@53bbd2bc, org.springframework.test.context.transaction.TransactionalTestExecutionListener@7b2d8f93, org.springframework.test.context.jdbc.SqlScriptsTestExecutionListener@38d72a1c, org.springframework.security.test.context.support.WithSecurityContextTestExecutionListener@2ebaaf86, org.springframework.security.test.context.support.ReactorContextTestExecutionListener@2399a6df, org.springframework.boot.test.autoconfigure.restdocs.RestDocsTestExecutionListener@34dff428, org.springframework.boot.test.autoconfigure.web.client.MockRestServiceServerResetTestExecutionListener@3559af65, org.springframework.boot.test.autoconfigure.web.servlet.MockMvcPrintOnlyOnFailureTestExecutionListener@4ee4e0d7, org.springframework.boot.test.autoconfigure.web.servlet.WebDriverTestExecutionListener@2025088a, org.springframework.boot.test.mock.mockito.ResetMocksTestExecutionListener@6b10d612]

  .   ____          _            __ _ _
 /\\ / ___'_ __ _ _(_)_ __  __ _ \ \ \ \
( ( )\___ | '_ | '_| | '_ \/ _` | \ \ \ \
 \\/  ___)| |_)| | | | | || (_| |  ) ) ) )
  '  |____| .__|_| |_|_| |_\__, | / / / /
 =========|_|==============|___/=/_/_/_/
 :: Spring Boot ::        (v2.1.9.RELEASE)

2020-05-06 03:55:06.775  INFO 3184 --- [    Test worker] com.kuang.admin.web.HelloControllerTest  : Starting HelloControllerTest on DESKTOP-JE542MD with PID 3184 (started by U in C:\Users\U\IdeaProjects\com.kuang.book)
2020-05-06 03:55:06.775  INFO 3184 --- [    Test worker] com.kuang.admin.web.HelloControllerTest  : The following profiles are active: oauth,local
2020-05-06 03:55:07.230  INFO 3184 --- [    Test worker] o.s.s.concurrent.ThreadPoolTaskExecutor  : Initializing ExecutorService 'applicationTaskExecutor'
2020-05-06 03:55:07.261  INFO 3184 --- [    Test worker] o.s.b.a.w.s.WelcomePageHandlerMapping    : Adding welcome page template: index
2020-05-06 03:55:07.450  INFO 3184 --- [    Test worker] .s.s.UserDetailsServiceAutoConfiguration : 

Using generated security password: 1d8ae1aa-a350-4abf-b66d-7dbbcc5740fb

2020-05-06 03:55:07.593  INFO 3184 --- [    Test worker] o.s.s.web.DefaultSecurityFilterChain     : Creating filter chain: any request, [org.springframework.security.web.context.request.async.WebAsyncManagerIntegrationFilter@26bab837, org.springframework.security.web.context.SecurityContextPersistenceFilter@11b15c03, org.springframework.security.web.header.HeaderWriterFilter@76bdd334, org.springframework.security.web.csrf.CsrfFilter@583f91b2, org.springframework.security.web.authentication.logout.LogoutFilter@781ffe22, org.springframework.security.web.authentication.UsernamePasswordAuthenticationFilter@36e8f0d3, org.springframework.security.web.authentication.ui.DefaultLoginPageGeneratingFilter@19214c93, org.springframework.security.web.authentication.ui.DefaultLogoutPageGeneratingFilter@323d8b79, org.springframework.security.web.authentication.www.BasicAuthenticationFilter@53e9ce48, org.springframework.security.web.savedrequest.RequestCacheAwareFilter@84dbf7d, org.springframework.security.web.servletapi.SecurityContextHolderAwareRequestFilter@1071e933, org.springframework.security.web.authentication.AnonymousAuthenticationFilter@2f3b88f8, org.springframework.security.web.session.SessionManagementFilter@52ab7e50, org.springframework.security.web.access.ExceptionTranslationFilter@2c374dc, org.springframework.security.web.access.intercept.FilterSecurityInterceptor@16827825]
2020-05-06 03:55:07.626  INFO 3184 --- [    Test worker] o.s.b.t.m.w.SpringBootMockServletContext : Initializing Spring TestDispatcherServlet ''
2020-05-06 03:55:07.627  INFO 3184 --- [    Test worker] o.s.t.web.servlet.TestDispatcherServlet  : Initializing Servlet ''
2020-05-06 03:55:07.641  INFO 3184 --- [    Test worker] o.s.t.web.servlet.TestDispatcherServlet  : Completed initialization in 14 ms
2020-05-06 03:55:07.671  INFO 3184 --- [    Test worker] com.kuang.admin.web.HelloControllerTest  : Started HelloControllerTest in 0.945 seconds (JVM running for 8.687)
]]></system-out>
  <system-err><![CDATA[]]></system-err>
</testsuite>
