<?xml version="1.0" encoding="UTF-8"?>
<testsuite name="com.kuang.admin.web.domain.posts.PostRepositoryTest" tests="1" skipped="0" failures="0" errors="0" timestamp="2020-05-04T18:17:18" hostname="DESKTOP-JE542MD" time="0.018">
  <properties/>
  <testcase name="게시글저장_불러오기" classname="com.kuang.admin.web.domain.posts.PostRepositoryTest" time="0.018"/>
  <system-out><![CDATA[2020-05-05 03:17:16.818  INFO 14244 --- [    Test worker] .b.t.c.SpringBootTestContextBootstrapper : Neither @ContextConfiguration nor @ContextHierarchy found for test class [com.kuang.admin.web.domain.posts.PostRepositoryTest], using SpringBootContextLoader
2020-05-05 03:17:16.819  INFO 14244 --- [    Test worker] o.s.t.c.support.AbstractContextLoader    : Could not detect default resource locations for test class [com.kuang.admin.web.domain.posts.PostRepositoryTest]: no resource found for suffixes {-context.xml, Context.groovy}.
2020-05-05 03:17:16.819  INFO 14244 --- [    Test worker] t.c.s.AnnotationConfigContextLoaderUtils : Could not detect default configuration classes for test class [com.kuang.admin.web.domain.posts.PostRepositoryTest]: PostRepositoryTest does not declare any static, non-private, non-final, nested classes annotated with @Configuration.
2020-05-05 03:17:16.833  INFO 14244 --- [    Test worker] .b.t.c.SpringBootTestContextBootstrapper : Found @SpringBootConfiguration com.kuang.admin.Application for test class com.kuang.admin.web.domain.posts.PostRepositoryTest
2020-05-05 03:17:16.835  INFO 14244 --- [    Test worker] .b.t.c.SpringBootTestContextBootstrapper : Loaded default TestExecutionListener class names from location [META-INF/spring.factories]: [org.springframework.security.test.context.support.WithSecurityContextTestExecutionListener, org.springframework.security.test.context.support.ReactorContextTestExecutionListener, org.springframework.boot.test.autoconfigure.restdocs.RestDocsTestExecutionListener, org.springframework.boot.test.autoconfigure.web.client.MockRestServiceServerResetTestExecutionListener, org.springframework.boot.test.autoconfigure.web.servlet.MockMvcPrintOnlyOnFailureTestExecutionListener, org.springframework.boot.test.autoconfigure.web.servlet.WebDriverTestExecutionListener, org.springframework.boot.test.mock.mockito.MockitoTestExecutionListener, org.springframework.boot.test.mock.mockito.ResetMocksTestExecutionListener, org.springframework.test.context.web.ServletTestExecutionListener, org.springframework.test.context.support.DirtiesContextBeforeModesTestExecutionListener, org.springframework.test.context.support.DependencyInjectionTestExecutionListener, org.springframework.test.context.support.DirtiesContextTestExecutionListener, org.springframework.test.context.transaction.TransactionalTestExecutionListener, org.springframework.test.context.jdbc.SqlScriptsTestExecutionListener]
2020-05-05 03:17:16.836  INFO 14244 --- [    Test worker] .b.t.c.SpringBootTestContextBootstrapper : Using TestExecutionListeners: [org.springframework.test.context.web.ServletTestExecutionListener@6b06990c, org.springframework.test.context.support.DirtiesContextBeforeModesTestExecutionListener@688e6219, org.springframework.boot.test.mock.mockito.MockitoTestExecutionListener@44135291, org.springframework.boot.test.autoconfigure.SpringBootDependencyInjectionTestExecutionListener@5bc56f4b, org.springframework.test.context.support.DirtiesContextTestExecutionListener@4d443c6, org.springframework.test.context.transaction.TransactionalTestExecutionListener@1f5177ef, org.springframework.test.context.jdbc.SqlScriptsTestExecutionListener@4108294e, org.springframework.security.test.context.support.WithSecurityContextTestExecutionListener@3147b913, org.springframework.security.test.context.support.ReactorContextTestExecutionListener@172b068e, org.springframework.boot.test.autoconfigure.restdocs.RestDocsTestExecutionListener@351f58b, org.springframework.boot.test.autoconfigure.web.client.MockRestServiceServerResetTestExecutionListener@393eef6, org.springframework.boot.test.autoconfigure.web.servlet.MockMvcPrintOnlyOnFailureTestExecutionListener@f1050b6, org.springframework.boot.test.autoconfigure.web.servlet.WebDriverTestExecutionListener@40c028ac, org.springframework.boot.test.mock.mockito.ResetMocksTestExecutionListener@4cb17092]

  .   ____          _            __ _ _
 /\\ / ___'_ __ _ _(_)_ __  __ _ \ \ \ \
( ( )\___ | '_ | '_| | '_ \/ _` | \ \ \ \
 \\/  ___)| |_)| | | | | || (_| |  ) ) ) )
  '  |____| .__|_| |_|_| |_\__, | / / / /
 =========|_|==============|___/=/_/_/_/
 :: Spring Boot ::        (v2.1.9.RELEASE)

2020-05-05 03:17:16.888  INFO 14244 --- [    Test worker] c.k.a.w.domain.posts.PostRepositoryTest  : Starting PostRepositoryTest on DESKTOP-JE542MD with PID 14244 (started by U in C:\Users\U\IdeaProjects\com.kuang.book)
2020-05-05 03:17:16.888  INFO 14244 --- [    Test worker] c.k.a.w.domain.posts.PostRepositoryTest  : The following profiles are active: oauth
2020-05-05 03:17:17.123  INFO 14244 --- [    Test worker] .s.d.r.c.RepositoryConfigurationDelegate : Bootstrapping Spring Data repositories in DEFAULT mode.
2020-05-05 03:17:17.156  INFO 14244 --- [    Test worker] .s.d.r.c.RepositoryConfigurationDelegate : Finished Spring Data repository scanning in 33ms. Found 2 repository interfaces.
2020-05-05 03:17:17.246  INFO 14244 --- [    Test worker] trationDelegate$BeanPostProcessorChecker : Bean 'org.springframework.transaction.annotation.ProxyTransactionManagementConfiguration' of type [org.springframework.transaction.annotation.ProxyTransactionManagementConfiguration$$EnhancerBySpringCGLIB$$e5cc07f0] is not eligible for getting processed by all BeanPostProcessors (for example: not eligible for auto-proxying)
2020-05-05 03:17:17.326  INFO 14244 --- [    Test worker] com.zaxxer.hikari.HikariDataSource       : HikariPool-2 - Starting...
2020-05-05 03:17:17.327  INFO 14244 --- [    Test worker] com.zaxxer.hikari.HikariDataSource       : HikariPool-2 - Start completed.
2020-05-05 03:17:17.359  INFO 14244 --- [    Test worker] o.hibernate.jpa.internal.util.LogHelper  : HHH000204: Processing PersistenceUnitInfo [
	name: default
	...]
2020-05-05 03:17:17.370  INFO 14244 --- [    Test worker] org.hibernate.dialect.Dialect            : HHH000400: Using dialect: org.hibernate.dialect.MySQL5Dialect
Hibernate: drop table if exists posts
Hibernate: drop table if exists user
Hibernate: create table posts (id bigint not null auto_increment, created_date datetime, modified_date datetime, author varchar(255), content TEXT not null, title varchar(500) not null, primary key (id)) engine=MyISAM
Hibernate: create table user (id bigint not null auto_increment, created_date datetime, modified_date datetime, email varchar(255) not null, name varchar(255) not null, picture varchar(255), role varchar(255) not null, primary key (id)) engine=MyISAM
2020-05-05 03:17:17.415  INFO 14244 --- [    Test worker] o.h.t.schema.internal.SchemaCreatorImpl  : HHH000476: Executing import script 'org.hibernate.tool.schema.internal.exec.ScriptSourceInputNonExistentImpl@7cb797b1'
2020-05-05 03:17:17.416  INFO 14244 --- [    Test worker] j.LocalContainerEntityManagerFactoryBean : Initialized JPA EntityManagerFactory for persistence unit 'default'
2020-05-05 03:17:17.615  INFO 14244 --- [    Test worker] o.h.h.i.QueryTranslatorFactoryInitiator  : HHH000397: Using ASTQueryTranslatorFactory
2020-05-05 03:17:17.771  INFO 14244 --- [    Test worker] o.s.s.web.DefaultSecurityFilterChain     : Creating filter chain: any request, [org.springframework.security.web.context.request.async.WebAsyncManagerIntegrationFilter@1a9ccaef, org.springframework.security.web.context.SecurityContextPersistenceFilter@6635cc9, org.springframework.security.web.header.HeaderWriterFilter@23de3786, org.springframework.security.web.authentication.logout.LogoutFilter@4a6f3c4b, org.springframework.security.oauth2.client.web.OAuth2AuthorizationRequestRedirectFilter@1de09184, org.springframework.security.oauth2.client.web.OAuth2LoginAuthenticationFilter@1a1c1223, org.springframework.security.web.authentication.ui.DefaultLoginPageGeneratingFilter@5676a758, org.springframework.security.web.authentication.ui.DefaultLogoutPageGeneratingFilter@42166bc7, org.springframework.security.web.savedrequest.RequestCacheAwareFilter@2705e738, org.springframework.security.web.servletapi.SecurityContextHolderAwareRequestFilter@75359659, org.springframework.security.web.authentication.AnonymousAuthenticationFilter@5b63beb0, org.springframework.security.web.session.SessionManagementFilter@7f9b8f68, org.springframework.security.web.access.ExceptionTranslationFilter@2a6164d1, org.springframework.security.web.access.intercept.FilterSecurityInterceptor@4992280b]
2020-05-05 03:17:18.043  INFO 14244 --- [    Test worker] o.s.s.concurrent.ThreadPoolTaskExecutor  : Initializing ExecutorService 'applicationTaskExecutor'
2020-05-05 03:17:18.056  WARN 14244 --- [    Test worker] aWebConfiguration$JpaWebMvcConfiguration : spring.jpa.open-in-view is enabled by default. Therefore, database queries may be performed during view rendering. Explicitly configure spring.jpa.open-in-view to disable this warning
2020-05-05 03:17:18.085  INFO 14244 --- [    Test worker] o.s.b.a.w.s.WelcomePageHandlerMapping    : Adding welcome page template: index
2020-05-05 03:17:18.452  INFO 14244 --- [    Test worker] s.a.ScheduledAnnotationBeanPostProcessor : No TaskScheduler/ScheduledExecutorService bean found for scheduled processing
2020-05-05 03:17:18.453  INFO 14244 --- [    Test worker] c.k.a.w.domain.posts.PostRepositoryTest  : Started PostRepositoryTest in 1.611 seconds (JVM running for 10.685)
Hibernate: insert into posts (created_date, modified_date, author, content, title) values (?, ?, ?, ?, ?)
Hibernate: select posts0_.id as id1_0_, posts0_.created_date as created_2_0_, posts0_.modified_date as modified3_0_, posts0_.author as author4_0_, posts0_.content as content5_0_, posts0_.title as title6_0_ from posts posts0_
Hibernate: select posts0_.id as id1_0_, posts0_.created_date as created_2_0_, posts0_.modified_date as modified3_0_, posts0_.author as author4_0_, posts0_.content as content5_0_, posts0_.title as title6_0_ from posts posts0_
Hibernate: delete from posts where id=?
]]></system-out>
  <system-err><![CDATA[]]></system-err>
</testsuite>
