<?xml version="1.0" encoding="UTF-8"?>
<testsuite name="com.kuang.admin.web.domain.posts.PostRepositoryTest" tests="1" skipped="0" failures="0" errors="0" timestamp="2020-05-05T18:55:06" hostname="DESKTOP-JE542MD" time="0.247">
  <properties/>
  <testcase name="게시글저장_불러오기" classname="com.kuang.admin.web.domain.posts.PostRepositoryTest" time="0.247"/>
  <system-out><![CDATA[03:54:59.750 [Test worker] DEBUG org.springframework.test.context.junit4.SpringJUnit4ClassRunner - SpringJUnit4ClassRunner constructor called with [class com.kuang.admin.web.domain.posts.PostRepositoryTest]
03:54:59.759 [Test worker] DEBUG org.springframework.test.context.BootstrapUtils - Instantiating CacheAwareContextLoaderDelegate from class [org.springframework.test.context.cache.DefaultCacheAwareContextLoaderDelegate]
03:54:59.769 [Test worker] DEBUG org.springframework.test.context.BootstrapUtils - Instantiating BootstrapContext using constructor [public org.springframework.test.context.support.DefaultBootstrapContext(java.lang.Class,org.springframework.test.context.CacheAwareContextLoaderDelegate)]
03:54:59.788 [Test worker] DEBUG org.springframework.test.context.BootstrapUtils - Instantiating TestContextBootstrapper for test class [com.kuang.admin.web.domain.posts.PostRepositoryTest] from class [org.springframework.boot.test.context.SpringBootTestContextBootstrapper]
03:54:59.804 [Test worker] INFO org.springframework.boot.test.context.SpringBootTestContextBootstrapper - Neither @ContextConfiguration nor @ContextHierarchy found for test class [com.kuang.admin.web.domain.posts.PostRepositoryTest], using SpringBootContextLoader
03:54:59.808 [Test worker] DEBUG org.springframework.test.context.support.AbstractContextLoader - Did not detect default resource location for test class [com.kuang.admin.web.domain.posts.PostRepositoryTest]: class path resource [com/kuang/admin/web/domain/posts/PostRepositoryTest-context.xml] does not exist
03:54:59.808 [Test worker] DEBUG org.springframework.test.context.support.AbstractContextLoader - Did not detect default resource location for test class [com.kuang.admin.web.domain.posts.PostRepositoryTest]: class path resource [com/kuang/admin/web/domain/posts/PostRepositoryTestContext.groovy] does not exist
03:54:59.808 [Test worker] INFO org.springframework.test.context.support.AbstractContextLoader - Could not detect default resource locations for test class [com.kuang.admin.web.domain.posts.PostRepositoryTest]: no resource found for suffixes {-context.xml, Context.groovy}.
03:54:59.809 [Test worker] INFO org.springframework.test.context.support.AnnotationConfigContextLoaderUtils - Could not detect default configuration classes for test class [com.kuang.admin.web.domain.posts.PostRepositoryTest]: PostRepositoryTest does not declare any static, non-private, non-final, nested classes annotated with @Configuration.
03:54:59.853 [Test worker] DEBUG org.springframework.test.context.support.ActiveProfilesUtils - Could not find an 'annotation declaring class' for annotation type [org.springframework.test.context.ActiveProfiles] and class [com.kuang.admin.web.domain.posts.PostRepositoryTest]
03:54:59.963 [Test worker] DEBUG org.springframework.context.annotation.ClassPathScanningCandidateComponentProvider - Identified candidate component class: file [C:\Users\U\IdeaProjects\com.kuang.book\build\classes\java\main\com\kuang\admin\Application.class]
03:54:59.965 [Test worker] INFO org.springframework.boot.test.context.SpringBootTestContextBootstrapper - Found @SpringBootConfiguration com.kuang.admin.Application for test class com.kuang.admin.web.domain.posts.PostRepositoryTest
03:55:00.086 [Test worker] DEBUG org.springframework.boot.test.context.SpringBootTestContextBootstrapper - @TestExecutionListeners is not present for class [com.kuang.admin.web.domain.posts.PostRepositoryTest]: using defaults.
03:55:00.086 [Test worker] INFO org.springframework.boot.test.context.SpringBootTestContextBootstrapper - Loaded default TestExecutionListener class names from location [META-INF/spring.factories]: [org.springframework.security.test.context.support.WithSecurityContextTestExecutionListener, org.springframework.security.test.context.support.ReactorContextTestExecutionListener, org.springframework.boot.test.autoconfigure.restdocs.RestDocsTestExecutionListener, org.springframework.boot.test.autoconfigure.web.client.MockRestServiceServerResetTestExecutionListener, org.springframework.boot.test.autoconfigure.web.servlet.MockMvcPrintOnlyOnFailureTestExecutionListener, org.springframework.boot.test.autoconfigure.web.servlet.WebDriverTestExecutionListener, org.springframework.boot.test.mock.mockito.MockitoTestExecutionListener, org.springframework.boot.test.mock.mockito.ResetMocksTestExecutionListener, org.springframework.test.context.web.ServletTestExecutionListener, org.springframework.test.context.support.DirtiesContextBeforeModesTestExecutionListener, org.springframework.test.context.support.DependencyInjectionTestExecutionListener, org.springframework.test.context.support.DirtiesContextTestExecutionListener, org.springframework.test.context.transaction.TransactionalTestExecutionListener, org.springframework.test.context.jdbc.SqlScriptsTestExecutionListener]
03:55:00.111 [Test worker] INFO org.springframework.boot.test.context.SpringBootTestContextBootstrapper - Using TestExecutionListeners: [org.springframework.test.context.web.ServletTestExecutionListener@5fc5227f, org.springframework.test.context.support.DirtiesContextBeforeModesTestExecutionListener@3dcc3b88, org.springframework.boot.test.mock.mockito.MockitoTestExecutionListener@21a2f812, org.springframework.boot.test.autoconfigure.SpringBootDependencyInjectionTestExecutionListener@5b7fd7e1, org.springframework.test.context.support.DirtiesContextTestExecutionListener@2d5fd02b, org.springframework.test.context.transaction.TransactionalTestExecutionListener@7113ae73, org.springframework.test.context.jdbc.SqlScriptsTestExecutionListener@47c7ba2b, org.springframework.security.test.context.support.WithSecurityContextTestExecutionListener@62a2aded, org.springframework.security.test.context.support.ReactorContextTestExecutionListener@312fe71a, org.springframework.boot.test.autoconfigure.restdocs.RestDocsTestExecutionListener@5d23a77a, org.springframework.boot.test.autoconfigure.web.client.MockRestServiceServerResetTestExecutionListener@274f4817, org.springframework.boot.test.autoconfigure.web.servlet.MockMvcPrintOnlyOnFailureTestExecutionListener@507554d6, org.springframework.boot.test.autoconfigure.web.servlet.WebDriverTestExecutionListener@1eac7ef5, org.springframework.boot.test.mock.mockito.ResetMocksTestExecutionListener@5e74022d]
03:55:00.114 [Test worker] DEBUG org.springframework.test.annotation.ProfileValueUtils - Retrieved @ProfileValueSourceConfiguration [null] for test class [com.kuang.admin.web.domain.posts.PostRepositoryTest]
03:55:00.115 [Test worker] DEBUG org.springframework.test.annotation.ProfileValueUtils - Retrieved ProfileValueSource type [class org.springframework.test.annotation.SystemProfileValueSource] for class [com.kuang.admin.web.domain.posts.PostRepositoryTest]
03:55:00.115 [Test worker] DEBUG org.springframework.test.annotation.ProfileValueUtils - Retrieved @ProfileValueSourceConfiguration [null] for test class [com.kuang.admin.web.domain.posts.PostRepositoryTest]
03:55:00.115 [Test worker] DEBUG org.springframework.test.annotation.ProfileValueUtils - Retrieved ProfileValueSource type [class org.springframework.test.annotation.SystemProfileValueSource] for class [com.kuang.admin.web.domain.posts.PostRepositoryTest]
03:55:00.120 [Test worker] DEBUG org.springframework.test.context.support.AbstractDirtiesContextTestExecutionListener - Before test class: context [DefaultTestContext@673f713a testClass = PostRepositoryTest, testInstance = [null], testMethod = [null], testException = [null], mergedContextConfiguration = [WebMergedContextConfiguration@654eadde testClass = PostRepositoryTest, locations = '{}', classes = '{class com.kuang.admin.Application}', contextInitializerClasses = '[]', activeProfiles = '{}', propertySourceLocations = '{}', propertySourceProperties = '{org.springframework.boot.test.context.SpringBootTestContextBootstrapper=true}', contextCustomizers = set[org.springframework.boot.test.autoconfigure.properties.PropertyMappingContextCustomizer@0, org.springframework.boot.test.autoconfigure.web.servlet.WebDriverContextCustomizerFactory$Customizer@49408ca1, org.springframework.boot.test.context.filter.ExcludeFilterContextCustomizer@7d7f1ba6, org.springframework.boot.test.json.DuplicateJsonObjectContextCustomizerFactory$DuplicateJsonObjectContextCustomizer@c847301, org.springframework.boot.test.mock.mockito.MockitoContextCustomizer@0, org.springframework.boot.test.web.client.TestRestTemplateContextCustomizer@f6dee4c], resourceBasePath = 'src/main/webapp', contextLoader = 'org.springframework.boot.test.context.SpringBootContextLoader', parent = [null]], attributes = map['org.springframework.test.context.web.ServletTestExecutionListener.activateListener' -> true]], class annotated with @DirtiesContext [false] with mode [null].
03:55:00.121 [Test worker] DEBUG org.springframework.test.annotation.ProfileValueUtils - Retrieved @ProfileValueSourceConfiguration [null] for test class [com.kuang.admin.web.domain.posts.PostRepositoryTest]
03:55:00.121 [Test worker] DEBUG org.springframework.test.annotation.ProfileValueUtils - Retrieved ProfileValueSource type [class org.springframework.test.annotation.SystemProfileValueSource] for class [com.kuang.admin.web.domain.posts.PostRepositoryTest]
03:55:00.143 [Test worker] DEBUG org.springframework.test.context.support.TestPropertySourceUtils - Adding inlined properties to environment: {spring.jmx.enabled=false, org.springframework.boot.test.context.SpringBootTestContextBootstrapper=true, server.port=-1}

  .   ____          _            __ _ _
 /\\ / ___'_ __ _ _(_)_ __  __ _ \ \ \ \
( ( )\___ | '_ | '_| | '_ \/ _` | \ \ \ \
 \\/  ___)| |_)| | | | | || (_| |  ) ) ) )
  '  |____| .__|_| |_|_| |_\__, | / / / /
 =========|_|==============|___/=/_/_/_/
 :: Spring Boot ::        (v2.1.9.RELEASE)

2020-05-06 03:55:00.526  INFO 3184 --- [    Test worker] c.k.a.w.domain.posts.PostRepositoryTest  : Starting PostRepositoryTest on DESKTOP-JE542MD with PID 3184 (started by U in C:\Users\U\IdeaProjects\com.kuang.book)
2020-05-06 03:55:00.526  INFO 3184 --- [    Test worker] c.k.a.w.domain.posts.PostRepositoryTest  : The following profiles are active: oauth,local
2020-05-06 03:55:01.361  INFO 3184 --- [    Test worker] .s.d.r.c.RepositoryConfigurationDelegate : Bootstrapping Spring Data repositories in DEFAULT mode.
2020-05-06 03:55:01.470  INFO 3184 --- [    Test worker] .s.d.r.c.RepositoryConfigurationDelegate : Finished Spring Data repository scanning in 99ms. Found 2 repository interfaces.
2020-05-06 03:55:01.969  INFO 3184 --- [    Test worker] trationDelegate$BeanPostProcessorChecker : Bean 'org.springframework.transaction.annotation.ProxyTransactionManagementConfiguration' of type [org.springframework.transaction.annotation.ProxyTransactionManagementConfiguration$$EnhancerBySpringCGLIB$$ef4d5f52] is not eligible for getting processed by all BeanPostProcessors (for example: not eligible for auto-proxying)
2020-05-06 03:55:02.218  INFO 3184 --- [    Test worker] com.zaxxer.hikari.HikariDataSource       : HikariPool-1 - Starting...
2020-05-06 03:55:02.400  INFO 3184 --- [    Test worker] com.zaxxer.hikari.HikariDataSource       : HikariPool-1 - Start completed.
2020-05-06 03:55:02.502  INFO 3184 --- [    Test worker] o.hibernate.jpa.internal.util.LogHelper  : HHH000204: Processing PersistenceUnitInfo [
	name: default
	...]
2020-05-06 03:55:02.587  INFO 3184 --- [    Test worker] org.hibernate.Version                    : HHH000412: Hibernate Core {5.3.12.Final}
2020-05-06 03:55:02.589  INFO 3184 --- [    Test worker] org.hibernate.cfg.Environment            : HHH000206: hibernate.properties not found
2020-05-06 03:55:02.783  INFO 3184 --- [    Test worker] o.hibernate.annotations.common.Version   : HCANN000001: Hibernate Commons Annotations {5.0.4.Final}
2020-05-06 03:55:02.976  INFO 3184 --- [    Test worker] org.hibernate.dialect.Dialect            : HHH000400: Using dialect: org.hibernate.dialect.MySQL5Dialect
Hibernate: drop table if exists posts
Hibernate: drop table if exists user
Hibernate: create table posts (id bigint not null auto_increment, created_date datetime, modified_date datetime, author varchar(255), content TEXT not null, title varchar(500) not null, primary key (id)) engine=MyISAM
Hibernate: create table user (id bigint not null auto_increment, created_date datetime, modified_date datetime, email varchar(255) not null, name varchar(255) not null, picture varchar(255), role varchar(255) not null, primary key (id)) engine=MyISAM
2020-05-06 03:55:03.807  INFO 3184 --- [    Test worker] o.h.t.schema.internal.SchemaCreatorImpl  : HHH000476: Executing import script 'org.hibernate.tool.schema.internal.exec.ScriptSourceInputNonExistentImpl@5a09ad3e'
2020-05-06 03:55:03.811  INFO 3184 --- [    Test worker] j.LocalContainerEntityManagerFactoryBean : Initialized JPA EntityManagerFactory for persistence unit 'default'
2020-05-06 03:55:04.469  INFO 3184 --- [    Test worker] o.h.h.i.QueryTranslatorFactoryInitiator  : HHH000397: Using ASTQueryTranslatorFactory
2020-05-06 03:55:05.147  INFO 3184 --- [    Test worker] o.s.s.web.DefaultSecurityFilterChain     : Creating filter chain: any request, [org.springframework.security.web.context.request.async.WebAsyncManagerIntegrationFilter@5c8fc8d9, org.springframework.security.web.context.SecurityContextPersistenceFilter@3c5be775, org.springframework.security.web.header.HeaderWriterFilter@eb105d5, org.springframework.security.web.authentication.logout.LogoutFilter@5e331b77, org.springframework.security.oauth2.client.web.OAuth2AuthorizationRequestRedirectFilter@5f8b6b54, org.springframework.security.oauth2.client.web.OAuth2LoginAuthenticationFilter@2958039d, org.springframework.security.web.authentication.ui.DefaultLoginPageGeneratingFilter@1b81a19c, org.springframework.security.web.authentication.ui.DefaultLogoutPageGeneratingFilter@3f1e9b39, org.springframework.security.web.savedrequest.RequestCacheAwareFilter@2ee29cd3, org.springframework.security.web.servletapi.SecurityContextHolderAwareRequestFilter@c8e02b6, org.springframework.security.web.authentication.AnonymousAuthenticationFilter@787be970, org.springframework.security.web.session.SessionManagementFilter@2d42cb81, org.springframework.security.web.access.ExceptionTranslationFilter@1e5eb1b0, org.springframework.security.web.access.intercept.FilterSecurityInterceptor@261771e9]
2020-05-06 03:55:05.717  INFO 3184 --- [    Test worker] o.s.s.concurrent.ThreadPoolTaskExecutor  : Initializing ExecutorService 'applicationTaskExecutor'
2020-05-06 03:55:05.777  WARN 3184 --- [    Test worker] aWebConfiguration$JpaWebMvcConfiguration : spring.jpa.open-in-view is enabled by default. Therefore, database queries may be performed during view rendering. Explicitly configure spring.jpa.open-in-view to disable this warning
2020-05-06 03:55:05.829  INFO 3184 --- [    Test worker] o.s.b.a.w.s.WelcomePageHandlerMapping    : Adding welcome page template: index
2020-05-06 03:55:06.400  INFO 3184 --- [    Test worker] s.a.ScheduledAnnotationBeanPostProcessor : No TaskScheduler/ScheduledExecutorService bean found for scheduled processing
2020-05-06 03:55:06.411  INFO 3184 --- [    Test worker] c.k.a.w.domain.posts.PostRepositoryTest  : Started PostRepositoryTest in 6.259 seconds (JVM running for 7.426)
Hibernate: insert into posts (created_date, modified_date, author, content, title) values (?, ?, ?, ?, ?)
Hibernate: select posts0_.id as id1_0_, posts0_.created_date as created_2_0_, posts0_.modified_date as modified3_0_, posts0_.author as author4_0_, posts0_.content as content5_0_, posts0_.title as title6_0_ from posts posts0_
Hibernate: select posts0_.id as id1_0_, posts0_.created_date as created_2_0_, posts0_.modified_date as modified3_0_, posts0_.author as author4_0_, posts0_.content as content5_0_, posts0_.title as title6_0_ from posts posts0_
Hibernate: delete from posts where id=?
]]></system-out>
  <system-err><![CDATA[]]></system-err>
</testsuite>
