<?xml version="1.0" encoding="UTF-8"?>
<testsuite name="com.kuang.admin.web.IndexControllerTest" tests="1" skipped="0" failures="0" errors="0" timestamp="2020-05-05T18:55:10" hostname="DESKTOP-JE542MD" time="0.205">
  <properties/>
  <testcase name="mainpage_loading" classname="com.kuang.admin.web.IndexControllerTest" time="0.205"/>
  <system-out><![CDATA[2020-05-06 03:55:07.837  INFO 3184 --- [    Test worker] .b.t.c.SpringBootTestContextBootstrapper : Neither @ContextConfiguration nor @ContextHierarchy found for test class [com.kuang.admin.web.IndexControllerTest], using SpringBootContextLoader
2020-05-06 03:55:07.837  INFO 3184 --- [    Test worker] o.s.t.c.support.AbstractContextLoader    : Could not detect default resource locations for test class [com.kuang.admin.web.IndexControllerTest]: no resource found for suffixes {-context.xml, Context.groovy}.
2020-05-06 03:55:07.838  INFO 3184 --- [    Test worker] t.c.s.AnnotationConfigContextLoaderUtils : Could not detect default configuration classes for test class [com.kuang.admin.web.IndexControllerTest]: IndexControllerTest does not declare any static, non-private, non-final, nested classes annotated with @Configuration.
2020-05-06 03:55:07.839  INFO 3184 --- [    Test worker] .b.t.c.SpringBootTestContextBootstrapper : Found @SpringBootConfiguration com.kuang.admin.Application for test class com.kuang.admin.web.IndexControllerTest
2020-05-06 03:55:07.840  INFO 3184 --- [    Test worker] .b.t.c.SpringBootTestContextBootstrapper : Loaded default TestExecutionListener class names from location [META-INF/spring.factories]: [org.springframework.security.test.context.support.WithSecurityContextTestExecutionListener, org.springframework.security.test.context.support.ReactorContextTestExecutionListener, org.springframework.boot.test.autoconfigure.restdocs.RestDocsTestExecutionListener, org.springframework.boot.test.autoconfigure.web.client.MockRestServiceServerResetTestExecutionListener, org.springframework.boot.test.autoconfigure.web.servlet.MockMvcPrintOnlyOnFailureTestExecutionListener, org.springframework.boot.test.autoconfigure.web.servlet.WebDriverTestExecutionListener, org.springframework.boot.test.mock.mockito.MockitoTestExecutionListener, org.springframework.boot.test.mock.mockito.ResetMocksTestExecutionListener, org.springframework.test.context.web.ServletTestExecutionListener, org.springframework.test.context.support.DirtiesContextBeforeModesTestExecutionListener, org.springframework.test.context.support.DependencyInjectionTestExecutionListener, org.springframework.test.context.support.DirtiesContextTestExecutionListener, org.springframework.test.context.transaction.TransactionalTestExecutionListener, org.springframework.test.context.jdbc.SqlScriptsTestExecutionListener]
2020-05-06 03:55:07.841  INFO 3184 --- [    Test worker] .b.t.c.SpringBootTestContextBootstrapper : Using TestExecutionListeners: [org.springframework.test.context.web.ServletTestExecutionListener@32474d8e, org.springframework.test.context.support.DirtiesContextBeforeModesTestExecutionListener@35e3a3a5, org.springframework.boot.test.mock.mockito.MockitoTestExecutionListener@38ba6d20, org.springframework.boot.test.autoconfigure.SpringBootDependencyInjectionTestExecutionListener@75e9f9ec, org.springframework.test.context.support.DirtiesContextTestExecutionListener@7d4ae1e2, org.springframework.test.context.transaction.TransactionalTestExecutionListener@551c8b65, org.springframework.test.context.jdbc.SqlScriptsTestExecutionListener@3e243f8b, org.springframework.security.test.context.support.WithSecurityContextTestExecutionListener@438973a, org.springframework.security.test.context.support.ReactorContextTestExecutionListener@2ed733ae, org.springframework.boot.test.autoconfigure.restdocs.RestDocsTestExecutionListener@1f21d2b2, org.springframework.boot.test.autoconfigure.web.client.MockRestServiceServerResetTestExecutionListener@667eba, org.springframework.boot.test.autoconfigure.web.servlet.MockMvcPrintOnlyOnFailureTestExecutionListener@40a7b8cb, org.springframework.boot.test.autoconfigure.web.servlet.WebDriverTestExecutionListener@577ab932, org.springframework.boot.test.mock.mockito.ResetMocksTestExecutionListener@465f552d]

  .   ____          _            __ _ _
 /\\ / ___'_ __ _ _(_)_ __  __ _ \ \ \ \
( ( )\___ | '_ | '_| | '_ \/ _` | \ \ \ \
 \\/  ___)| |_)| | | | | || (_| |  ) ) ) )
  '  |____| .__|_| |_|_| |_\__, | / / / /
 =========|_|==============|___/=/_/_/_/
 :: Spring Boot ::        (v2.1.9.RELEASE)

2020-05-06 03:55:07.890  INFO 3184 --- [    Test worker] com.kuang.admin.web.IndexControllerTest  : Starting IndexControllerTest on DESKTOP-JE542MD with PID 3184 (started by U in C:\Users\U\IdeaProjects\com.kuang.book)
2020-05-06 03:55:07.890  INFO 3184 --- [    Test worker] com.kuang.admin.web.IndexControllerTest  : The following profiles are active: oauth,local
2020-05-06 03:55:08.104  INFO 3184 --- [    Test worker] .s.d.r.c.RepositoryConfigurationDelegate : Bootstrapping Spring Data repositories in DEFAULT mode.
2020-05-06 03:55:08.137  INFO 3184 --- [    Test worker] .s.d.r.c.RepositoryConfigurationDelegate : Finished Spring Data repository scanning in 33ms. Found 2 repository interfaces.
2020-05-06 03:55:08.237  INFO 3184 --- [    Test worker] trationDelegate$BeanPostProcessorChecker : Bean 'org.springframework.transaction.annotation.ProxyTransactionManagementConfiguration' of type [org.springframework.transaction.annotation.ProxyTransactionManagementConfiguration$$EnhancerBySpringCGLIB$$ef4d5f52] is not eligible for getting processed by all BeanPostProcessors (for example: not eligible for auto-proxying)
2020-05-06 03:55:08.498  INFO 3184 --- [    Test worker] o.s.b.w.embedded.tomcat.TomcatWebServer  : Tomcat initialized with port(s): 0 (http)
2020-05-06 03:55:08.532  INFO 3184 --- [    Test worker] o.apache.catalina.core.StandardService   : Starting service [Tomcat]
2020-05-06 03:55:08.532  INFO 3184 --- [    Test worker] org.apache.catalina.core.StandardEngine  : Starting Servlet engine: [Apache Tomcat/9.0.26]
2020-05-06 03:55:08.725  INFO 3184 --- [    Test worker] o.a.c.c.C.[Tomcat].[localhost].[/]       : Initializing Spring embedded WebApplicationContext
2020-05-06 03:55:08.726  INFO 3184 --- [    Test worker] o.s.web.context.ContextLoader            : Root WebApplicationContext: initialization completed in 834 ms
2020-05-06 03:55:08.914  INFO 3184 --- [    Test worker] com.zaxxer.hikari.HikariDataSource       : HikariPool-2 - Starting...
2020-05-06 03:55:08.915  INFO 3184 --- [    Test worker] com.zaxxer.hikari.HikariDataSource       : HikariPool-2 - Start completed.
2020-05-06 03:55:08.958  INFO 3184 --- [    Test worker] o.hibernate.jpa.internal.util.LogHelper  : HHH000204: Processing PersistenceUnitInfo [
	name: default
	...]
2020-05-06 03:55:08.971  INFO 3184 --- [    Test worker] org.hibernate.dialect.Dialect            : HHH000400: Using dialect: org.hibernate.dialect.MySQL5Dialect
Hibernate: drop table if exists posts
Hibernate: drop table if exists user
Hibernate: create table posts (id bigint not null auto_increment, created_date datetime, modified_date datetime, author varchar(255), content TEXT not null, title varchar(500) not null, primary key (id)) engine=MyISAM
Hibernate: create table user (id bigint not null auto_increment, created_date datetime, modified_date datetime, email varchar(255) not null, name varchar(255) not null, picture varchar(255), role varchar(255) not null, primary key (id)) engine=MyISAM
2020-05-06 03:55:09.039  INFO 3184 --- [    Test worker] o.h.t.schema.internal.SchemaCreatorImpl  : HHH000476: Executing import script 'org.hibernate.tool.schema.internal.exec.ScriptSourceInputNonExistentImpl@5a09ad3e'
2020-05-06 03:55:09.039  INFO 3184 --- [    Test worker] j.LocalContainerEntityManagerFactoryBean : Initialized JPA EntityManagerFactory for persistence unit 'default'
2020-05-06 03:55:09.385  INFO 3184 --- [    Test worker] o.h.h.i.QueryTranslatorFactoryInitiator  : HHH000397: Using ASTQueryTranslatorFactory
2020-05-06 03:55:09.539  INFO 3184 --- [    Test worker] o.s.s.web.DefaultSecurityFilterChain     : Creating filter chain: any request, [org.springframework.security.web.context.request.async.WebAsyncManagerIntegrationFilter@4491d5c4, org.springframework.security.web.context.SecurityContextPersistenceFilter@44d96b1a, org.springframework.security.web.header.HeaderWriterFilter@64313b5c, org.springframework.security.web.authentication.logout.LogoutFilter@56e66c4e, org.springframework.security.oauth2.client.web.OAuth2AuthorizationRequestRedirectFilter@197d6173, org.springframework.security.oauth2.client.web.OAuth2LoginAuthenticationFilter@663b3e28, org.springframework.security.web.authentication.ui.DefaultLoginPageGeneratingFilter@59685dc2, org.springframework.security.web.authentication.ui.DefaultLogoutPageGeneratingFilter@18dd348, org.springframework.security.web.savedrequest.RequestCacheAwareFilter@688399b2, org.springframework.security.web.servletapi.SecurityContextHolderAwareRequestFilter@585a425, org.springframework.security.web.authentication.AnonymousAuthenticationFilter@73095cf3, org.springframework.security.web.session.SessionManagementFilter@7135a08f, org.springframework.security.web.access.ExceptionTranslationFilter@17d7642f, org.springframework.security.web.access.intercept.FilterSecurityInterceptor@7da70fd9]
2020-05-06 03:55:09.732  INFO 3184 --- [    Test worker] o.s.s.concurrent.ThreadPoolTaskExecutor  : Initializing ExecutorService 'applicationTaskExecutor'
2020-05-06 03:55:09.744  WARN 3184 --- [    Test worker] aWebConfiguration$JpaWebMvcConfiguration : spring.jpa.open-in-view is enabled by default. Therefore, database queries may be performed during view rendering. Explicitly configure spring.jpa.open-in-view to disable this warning
2020-05-06 03:55:09.772  INFO 3184 --- [    Test worker] o.s.b.a.w.s.WelcomePageHandlerMapping    : Adding welcome page template: index
2020-05-06 03:55:10.064  INFO 3184 --- [    Test worker] s.a.ScheduledAnnotationBeanPostProcessor : No TaskScheduler/ScheduledExecutorService bean found for scheduled processing
2020-05-06 03:55:10.084  INFO 3184 --- [    Test worker] o.s.b.w.embedded.tomcat.TomcatWebServer  : Tomcat started on port(s): 58207 (http) with context path ''
2020-05-06 03:55:10.085  INFO 3184 --- [    Test worker] com.kuang.admin.web.IndexControllerTest  : Started IndexControllerTest in 2.243 seconds (JVM running for 11.1)
2020-05-06 03:55:10.186  INFO 3184 --- [o-auto-1-exec-2] o.a.c.c.C.[Tomcat].[localhost].[/]       : Initializing Spring DispatcherServlet 'dispatcherServlet'
2020-05-06 03:55:10.186  INFO 3184 --- [o-auto-1-exec-2] o.s.web.servlet.DispatcherServlet        : Initializing Servlet 'dispatcherServlet'
2020-05-06 03:55:10.210  INFO 3184 --- [o-auto-1-exec-2] o.s.web.servlet.DispatcherServlet        : Completed initialization in 24 ms
Hibernate: select posts0_.id as id1_0_, posts0_.created_date as created_2_0_, posts0_.modified_date as modified3_0_, posts0_.author as author4_0_, posts0_.content as content5_0_, posts0_.title as title6_0_ from posts posts0_ order by posts0_.id DESC
]]></system-out>
  <system-err><![CDATA[]]></system-err>
</testsuite>
