<?xml version="1.0" encoding="UTF-8"?>
<testsuite name="com.kuang.admin.web.dto.HelloResponseDtoTest" tests="1" skipped="0" failures="0" errors="0" timestamp="2020-05-05T18:55:06" hostname="DESKTOP-JE542MD" time="0.002">
  <properties/>
  <testcase name="Lombok_Test" classname="com.kuang.admin.web.dto.HelloResponseDtoTest" time="0.002"/>
  <system-out><![CDATA[]]></system-out>
  <system-err><![CDATA[]]></system-err>
</testsuite>
