<?xml version="1.0" encoding="UTF-8"?>
<testsuite name="com.kuang.admin.web.HelloControllerTest" tests="2" skipped="0" failures="0" errors="0" timestamp="2020-05-04T18:17:19" hostname="DESKTOP-JE542MD" time="0.044">
  <properties/>
  <testcase name="helloDto_return" classname="com.kuang.admin.web.HelloControllerTest" time="0.038"/>
  <testcase name="hello_return" classname="com.kuang.admin.web.HelloControllerTest" time="0.006"/>
  <system-out><![CDATA[2020-05-05 03:17:18.487  INFO 14244 --- [    Test worker] .b.t.a.w.s.WebMvcTestContextBootstrapper : Neither @ContextConfiguration nor @ContextHierarchy found for test class [com.kuang.admin.web.HelloControllerTest], using SpringBootContextLoader
2020-05-05 03:17:18.488  INFO 14244 --- [    Test worker] o.s.t.c.support.AbstractContextLoader    : Could not detect default resource locations for test class [com.kuang.admin.web.HelloControllerTest]: no resource found for suffixes {-context.xml, Context.groovy}.
2020-05-05 03:17:18.488  INFO 14244 --- [    Test worker] t.c.s.AnnotationConfigContextLoaderUtils : Could not detect default configuration classes for test class [com.kuang.admin.web.HelloControllerTest]: HelloControllerTest does not declare any static, non-private, non-final, nested classes annotated with @Configuration.
2020-05-05 03:17:18.502  INFO 14244 --- [    Test worker] .b.t.c.SpringBootTestContextBootstrapper : Found @SpringBootConfiguration com.kuang.admin.Application for test class com.kuang.admin.web.HelloControllerTest
2020-05-05 03:17:18.503  INFO 14244 --- [    Test worker] .b.t.a.w.s.WebMvcTestContextBootstrapper : Loaded default TestExecutionListener class names from location [META-INF/spring.factories]: [org.springframework.security.test.context.support.WithSecurityContextTestExecutionListener, org.springframework.security.test.context.support.ReactorContextTestExecutionListener, org.springframework.boot.test.autoconfigure.restdocs.RestDocsTestExecutionListener, org.springframework.boot.test.autoconfigure.web.client.MockRestServiceServerResetTestExecutionListener, org.springframework.boot.test.autoconfigure.web.servlet.MockMvcPrintOnlyOnFailureTestExecutionListener, org.springframework.boot.test.autoconfigure.web.servlet.WebDriverTestExecutionListener, org.springframework.boot.test.mock.mockito.MockitoTestExecutionListener, org.springframework.boot.test.mock.mockito.ResetMocksTestExecutionListener, org.springframework.test.context.web.ServletTestExecutionListener, org.springframework.test.context.support.DirtiesContextBeforeModesTestExecutionListener, org.springframework.test.context.support.DependencyInjectionTestExecutionListener, org.springframework.test.context.support.DirtiesContextTestExecutionListener, org.springframework.test.context.transaction.TransactionalTestExecutionListener, org.springframework.test.context.jdbc.SqlScriptsTestExecutionListener]
2020-05-05 03:17:18.503  INFO 14244 --- [    Test worker] .b.t.a.w.s.WebMvcTestContextBootstrapper : Using TestExecutionListeners: [org.springframework.test.context.web.ServletTestExecutionListener@59b5f70e, org.springframework.test.context.support.DirtiesContextBeforeModesTestExecutionListener@54d946f7, org.springframework.boot.test.mock.mockito.MockitoTestExecutionListener@78f06ae, org.springframework.boot.test.autoconfigure.SpringBootDependencyInjectionTestExecutionListener@31328ecf, org.springframework.test.context.support.DirtiesContextTestExecutionListener@47c91260, org.springframework.test.context.transaction.TransactionalTestExecutionListener@59390a90, org.springframework.test.context.jdbc.SqlScriptsTestExecutionListener@267ccd6f, org.springframework.security.test.context.support.WithSecurityContextTestExecutionListener@31d6b99, org.springframework.security.test.context.support.ReactorContextTestExecutionListener@c483388, org.springframework.boot.test.autoconfigure.restdocs.RestDocsTestExecutionListener@1db4c51b, org.springframework.boot.test.autoconfigure.web.client.MockRestServiceServerResetTestExecutionListener@5de36477, org.springframework.boot.test.autoconfigure.web.servlet.MockMvcPrintOnlyOnFailureTestExecutionListener@35ca8df1, org.springframework.boot.test.autoconfigure.web.servlet.WebDriverTestExecutionListener@78d32cb3, org.springframework.boot.test.mock.mockito.ResetMocksTestExecutionListener@43f4b2af]

  .   ____          _            __ _ _
 /\\ / ___'_ __ _ _(_)_ __  __ _ \ \ \ \
( ( )\___ | '_ | '_| | '_ \/ _` | \ \ \ \
 \\/  ___)| |_)| | | | | || (_| |  ) ) ) )
  '  |____| .__|_| |_|_| |_\__, | / / / /
 =========|_|==============|___/=/_/_/_/
 :: Spring Boot ::        (v2.1.9.RELEASE)

2020-05-05 03:17:18.548  INFO 14244 --- [    Test worker] com.kuang.admin.web.HelloControllerTest  : Starting HelloControllerTest on DESKTOP-JE542MD with PID 14244 (started by U in C:\Users\U\IdeaProjects\com.kuang.book)
2020-05-05 03:17:18.548  INFO 14244 --- [    Test worker] com.kuang.admin.web.HelloControllerTest  : The following profiles are active: oauth
2020-05-05 03:17:18.933  INFO 14244 --- [    Test worker] o.s.s.concurrent.ThreadPoolTaskExecutor  : Initializing ExecutorService 'applicationTaskExecutor'
2020-05-05 03:17:18.962  INFO 14244 --- [    Test worker] o.s.b.a.w.s.WelcomePageHandlerMapping    : Adding welcome page template: index
2020-05-05 03:17:19.143  INFO 14244 --- [    Test worker] .s.s.UserDetailsServiceAutoConfiguration : 

Using generated security password: 4954fc3f-64a9-4f7e-b048-84e787ed36e4

2020-05-05 03:17:19.265  INFO 14244 --- [    Test worker] o.s.s.web.DefaultSecurityFilterChain     : Creating filter chain: any request, [org.springframework.security.web.context.request.async.WebAsyncManagerIntegrationFilter@599aa816, org.springframework.security.web.context.SecurityContextPersistenceFilter@61e093fc, org.springframework.security.web.header.HeaderWriterFilter@1e7164dd, org.springframework.security.web.csrf.CsrfFilter@463840ec, org.springframework.security.web.authentication.logout.LogoutFilter@7cef5e83, org.springframework.security.web.authentication.UsernamePasswordAuthenticationFilter@1d1fb5c, org.springframework.security.web.authentication.ui.DefaultLoginPageGeneratingFilter@1aa86bd2, org.springframework.security.web.authentication.ui.DefaultLogoutPageGeneratingFilter@64b6ecd8, org.springframework.security.web.authentication.www.BasicAuthenticationFilter@4c81ac75, org.springframework.security.web.savedrequest.RequestCacheAwareFilter@462fae64, org.springframework.security.web.servletapi.SecurityContextHolderAwareRequestFilter@536d6df0, org.springframework.security.web.authentication.AnonymousAuthenticationFilter@2515163f, org.springframework.security.web.session.SessionManagementFilter@1aca68df, org.springframework.security.web.access.ExceptionTranslationFilter@1ae7b1fd, org.springframework.security.web.access.intercept.FilterSecurityInterceptor@2657aa55]
2020-05-05 03:17:19.277  INFO 14244 --- [    Test worker] o.s.b.t.m.w.SpringBootMockServletContext : Initializing Spring TestDispatcherServlet ''
2020-05-05 03:17:19.278  INFO 14244 --- [    Test worker] o.s.t.web.servlet.TestDispatcherServlet  : Initializing Servlet ''
2020-05-05 03:17:19.286  INFO 14244 --- [    Test worker] o.s.t.web.servlet.TestDispatcherServlet  : Completed initialization in 8 ms
2020-05-05 03:17:19.310  INFO 14244 --- [    Test worker] com.kuang.admin.web.HelloControllerTest  : Started HelloControllerTest in 0.805 seconds (JVM running for 11.542)
]]></system-out>
  <system-err><![CDATA[]]></system-err>
</testsuite>
