<?xml version="1.0" encoding="UTF-8"?>
<testsuite name="com.kuang.admin.web.IndexControllerTest" tests="1" skipped="0" failures="0" errors="0" timestamp="2020-05-04T18:17:19" hostname="DESKTOP-JE542MD" time="0.151">
  <properties/>
  <testcase name="mainpage_loading" classname="com.kuang.admin.web.IndexControllerTest" time="0.151"/>
  <system-out><![CDATA[2020-05-05 03:17:19.358  INFO 14244 --- [    Test worker] .b.t.c.SpringBootTestContextBootstrapper : Neither @ContextConfiguration nor @ContextHierarchy found for test class [com.kuang.admin.web.IndexControllerTest], using SpringBootContextLoader
2020-05-05 03:17:19.359  INFO 14244 --- [    Test worker] o.s.t.c.support.AbstractContextLoader    : Could not detect default resource locations for test class [com.kuang.admin.web.IndexControllerTest]: no resource found for suffixes {-context.xml, Context.groovy}.
2020-05-05 03:17:19.360  INFO 14244 --- [    Test worker] t.c.s.AnnotationConfigContextLoaderUtils : Could not detect default configuration classes for test class [com.kuang.admin.web.IndexControllerTest]: IndexControllerTest does not declare any static, non-private, non-final, nested classes annotated with @Configuration.
2020-05-05 03:17:19.361  INFO 14244 --- [    Test worker] .b.t.c.SpringBootTestContextBootstrapper : Found @SpringBootConfiguration com.kuang.admin.Application for test class com.kuang.admin.web.IndexControllerTest
2020-05-05 03:17:19.363  INFO 14244 --- [    Test worker] .b.t.c.SpringBootTestContextBootstrapper : Loaded default TestExecutionListener class names from location [META-INF/spring.factories]: [org.springframework.security.test.context.support.WithSecurityContextTestExecutionListener, org.springframework.security.test.context.support.ReactorContextTestExecutionListener, org.springframework.boot.test.autoconfigure.restdocs.RestDocsTestExecutionListener, org.springframework.boot.test.autoconfigure.web.client.MockRestServiceServerResetTestExecutionListener, org.springframework.boot.test.autoconfigure.web.servlet.MockMvcPrintOnlyOnFailureTestExecutionListener, org.springframework.boot.test.autoconfigure.web.servlet.WebDriverTestExecutionListener, org.springframework.boot.test.mock.mockito.MockitoTestExecutionListener, org.springframework.boot.test.mock.mockito.ResetMocksTestExecutionListener, org.springframework.test.context.web.ServletTestExecutionListener, org.springframework.test.context.support.DirtiesContextBeforeModesTestExecutionListener, org.springframework.test.context.support.DependencyInjectionTestExecutionListener, org.springframework.test.context.support.DirtiesContextTestExecutionListener, org.springframework.test.context.transaction.TransactionalTestExecutionListener, org.springframework.test.context.jdbc.SqlScriptsTestExecutionListener]
2020-05-05 03:17:19.363  INFO 14244 --- [    Test worker] .b.t.c.SpringBootTestContextBootstrapper : Using TestExecutionListeners: [org.springframework.test.context.web.ServletTestExecutionListener@48c21d65, org.springframework.test.context.support.DirtiesContextBeforeModesTestExecutionListener@765bc427, org.springframework.boot.test.mock.mockito.MockitoTestExecutionListener@18e74bf8, org.springframework.boot.test.autoconfigure.SpringBootDependencyInjectionTestExecutionListener@75bc72c7, org.springframework.test.context.support.DirtiesContextTestExecutionListener@2d4d7020, org.springframework.test.context.transaction.TransactionalTestExecutionListener@59ff352, org.springframework.test.context.jdbc.SqlScriptsTestExecutionListener@2785d092, org.springframework.security.test.context.support.WithSecurityContextTestExecutionListener@31b9b4ef, org.springframework.security.test.context.support.ReactorContextTestExecutionListener@77330e88, org.springframework.boot.test.autoconfigure.restdocs.RestDocsTestExecutionListener@d4c665f, org.springframework.boot.test.autoconfigure.web.client.MockRestServiceServerResetTestExecutionListener@4442624, org.springframework.boot.test.autoconfigure.web.servlet.MockMvcPrintOnlyOnFailureTestExecutionListener@78a6f48f, org.springframework.boot.test.autoconfigure.web.servlet.WebDriverTestExecutionListener@170ee25d, org.springframework.boot.test.mock.mockito.ResetMocksTestExecutionListener@791e007d]
2020-05-05 03:17:19.448  INFO 14244 --- [o-auto-1-exec-1] o.a.c.c.C.[Tomcat].[localhost].[/]       : Initializing Spring DispatcherServlet 'dispatcherServlet'
2020-05-05 03:17:19.449  INFO 14244 --- [o-auto-1-exec-1] o.s.web.servlet.DispatcherServlet        : Initializing Servlet 'dispatcherServlet'
2020-05-05 03:17:19.450  INFO 14244 --- [o-auto-1-exec-1] o.s.web.servlet.DispatcherServlet        : Completed initialization in 1 ms
Hibernate: select posts0_.id as id1_0_, posts0_.created_date as created_2_0_, posts0_.modified_date as modified3_0_, posts0_.author as author4_0_, posts0_.content as content5_0_, posts0_.title as title6_0_ from posts posts0_ order by posts0_.id DESC
]]></system-out>
  <system-err><![CDATA[]]></system-err>
</testsuite>
